Build started 05-Jul-15 9:39:06 PM.
     1>Project "D:\Codes and Projects\Visual Studio 2013\Projects\Gossip\Gossip\Gossip.vcxproj" on node 2 (Build target(s)).
     1>ClCompile:
         C:\Program Files (x86)\Microsoft Visual Studio 12.0\VC\bin\CL.exe /c /ZI /nologo /W3 /WX- /sdl /Od /Oy- /D _MBCS /Gm /EHsc /RTC1 /MDd /GS /fp:precise /Zc:wchar_t /Zc:forScope /Fo"Debug\\" /Fd"Debug\vc120.pdb" /Gd /TP /analyze- /errorReport:prompt Gossip.cpp
         Gossip.cpp
     1>d:\codes and projects\visual studio 2013\projects\gossip\gossip\gossip.cpp(1): fatal error C1083: Cannot open include file: 'stdafx.h': No such file or directory
     1>Done Building Project "D:\Codes and Projects\Visual Studio 2013\Projects\Gossip\Gossip\Gossip.vcxproj" (Build target(s)) -- FAILED.

Build FAILED.

Time Elapsed 00:00:04.93
